<?xml version="1.0" encoding="UTF-8"?>
<!-- Generated by org.testng.reporters.JUnitXMLReporter -->
<testsuite ignored="3" hostname="DESKTOP-0DEGRKQ" failures="0" tests="4" name="Default test" time="54.678" errors="0" timestamp="2025-08-01T15:04:35 IST">
  <testcase classname="test.TestCases" name="TestCase" time="3.372"/>
  <testcase classname="test.TestCases" name="LoginTest" time="1.33"/>
  <testcase classname="test.TestCases" name="WidgetsTest" time="28.723"/>
  <testcase classname="test.TestCases" name="InterctionTest" time="8.205"/>
  <testcase classname="test.TestCases" name="formTest" time="0.0">
    <ignored/>
  </testcase> <!-- formTest -->
  <testcase classname="test.TestCases" name="AFWPageTestCases" time="0.0">
    <ignored/>
  </testcase> <!-- AFWPageTestCases -->
  <testcase classname="test.TestCases" name="ElementTest" time="0.0">
    <ignored/>
  </testcase> <!-- ElementTest -->
</testsuite> <!-- Default test -->
