<?xml version="1.0" encoding="UTF-8"?>
<!-- Generated by org.testng.reporters.JUnitXMLReporter -->
<testsuite ignored="0" hostname="DESKTOP-0DEGRKQ" failures="0" tests="5" name="Test" time="42.485" errors="0" timestamp="2024-11-25T16:47:22 IST">
  <testcase classname="test.TestCases" name="TestCase" time="2.983"/>
  <testcase classname="test.TestCases" name="LoginTest" time="1.023"/>
  <testcase classname="test.TestCases" name="formTest" time="3.529"/>
  <testcase classname="test.TestCases" name="ElementTest" time="12.484"/>
  <testcase classname="test.TestCases" name="AFWPageTestCases" time="4.999"/>
</testsuite> <!-- Test -->
