<?xml version="1.0" encoding="UTF-8"?>
<!-- Generated by org.testng.reporters.JUnitXMLReporter -->
<testsuite ignored="0" hostname="DESKTOP-0DEGRKQ" failures="1" tests="5" name="Testing on chrome" time="42.7" errors="0" timestamp="2024-12-12T12:37:45 IST">
  <testcase classname="test.TestCases" name="TestCase" time="3.544"/>
  <testcase classname="test.TestCases" name="LoginTest" time="1.016"/>
  <testcase classname="test.TestCases" name="formTest" time="2.416">
    <failure type="org.openqa.selenium.ElementNotInteractableException" message="Element &amp;lt;textarea id=&amp;quot;picture&amp;quot; class=&amp;quot;form-control&amp;quot; name=&amp;quot;picture&amp;quot;&amp;gt; could not be scrolled into view
Build info: version: &amp;apos;4.25.0&amp;apos;, revision: &amp;apos;030fcf7918&amp;apos;
System info: os.name: &amp;apos;Windows 10&amp;apos;, os.arch: &amp;apos;amd64&amp;apos;, os.version: &amp;apos;10.0&amp;apos;, java.version: &amp;apos;19.0.2&amp;apos;
Driver info: org.openqa.selenium.firefox.FirefoxDriver
Command: [f3a69e91-4eeb-439f-b0cc-ea33d15e075c, clearElement {id=db6ec992-3e17-4f1b-8140-9f789723e926}]
Capabilities {acceptInsecureCerts: true, browserName: firefox, browserVersion: 133.0.3, moz:accessibilityChecks: false, moz:buildID: 20241209150345, moz:debuggerAddress: 127.0.0.1:29314, moz:geckodriverVersion: 0.35.0, moz:headless: false, moz:platformVersion: 10.0, moz:processID: 13524, moz:profile: C:\Users\Hp\AppData\Local\T..., moz:shutdownTimeout: 60000, moz:webdriverClick: true, moz:windowless: false, pageLoadStrategy: normal, platformName: windows, proxy: Proxy(), se:cdp: ws://127.0.0.1:29314/devtoo..., se:cdpVersion: 85.0, setWindowRect: true, strictFileInteractability: false, timeouts: {implicit: 0, pageLoad: 300000, script: 30000}, unhandledPromptBehavior: dismiss and notify, userAgent: Mozilla/5.0 (Windows NT 10....}
Element: [[FirefoxDriver: firefox on windows (f3a69e91-4eeb-439f-b0cc-ea33d15e075c)] -&amp;gt; xpath: //*[@placeholder=&amp;apos;Currend Address&amp;apos;]]
Session ID: f3a69e91-4eeb-439f-b0cc-ea33d15e075c">
      <![CDATA[org.openqa.selenium.ElementNotInteractableException: Element <textarea id="picture" class="form-control" name="picture"> could not be scrolled into view
Build info: version: '4.25.0', revision: '030fcf7918'
System info: os.name: 'Windows 10', os.arch: 'amd64', os.version: '10.0', java.version: '19.0.2'
Driver info: org.openqa.selenium.firefox.FirefoxDriver
Command: [f3a69e91-4eeb-439f-b0cc-ea33d15e075c, clearElement {id=db6ec992-3e17-4f1b-8140-9f789723e926}]
Capabilities {acceptInsecureCerts: true, browserName: firefox, browserVersion: 133.0.3, moz:accessibilityChecks: false, moz:buildID: 20241209150345, moz:debuggerAddress: 127.0.0.1:29314, moz:geckodriverVersion: 0.35.0, moz:headless: false, moz:platformVersion: 10.0, moz:processID: 13524, moz:profile: C:\Users\Hp\AppData\Local\T..., moz:shutdownTimeout: 60000, moz:webdriverClick: true, moz:windowless: false, pageLoadStrategy: normal, platformName: windows, proxy: Proxy(), se:cdp: ws://127.0.0.1:29314/devtoo..., se:cdpVersion: 85.0, setWindowRect: true, strictFileInteractability: false, timeouts: {implicit: 0, pageLoad: 300000, script: 30000}, unhandledPromptBehavior: dismiss and notify, userAgent: Mozilla/5.0 (Windows NT 10....}
Element: [[FirefoxDriver: firefox on windows (f3a69e91-4eeb-439f-b0cc-ea33d15e075c)] -> xpath: //*[@placeholder='Currend Address']]
Session ID: f3a69e91-4eeb-439f-b0cc-ea33d15e075c
at org.openqa.selenium.remote.ErrorCodec.decode(ErrorCodec.java:167)
at org.openqa.selenium.remote.codec.w3c.W3CHttpResponseCodec.decode(W3CHttpResponseCodec.java:138)
at org.openqa.selenium.remote.codec.w3c.W3CHttpResponseCodec.decode(W3CHttpResponseCodec.java:50)
at org.openqa.selenium.remote.HttpCommandExecutor.execute(HttpCommandExecutor.java:190)
at org.openqa.selenium.remote.service.DriverCommandExecutor.invokeExecute(DriverCommandExecutor.java:216)
at org.openqa.selenium.remote.service.DriverCommandExecutor.execute(DriverCommandExecutor.java:174)
at org.openqa.selenium.remote.RemoteWebDriver.execute(RemoteWebDriver.java:545)
at org.openqa.selenium.remote.RemoteWebElement.execute(RemoteWebElement.java:223)
at org.openqa.selenium.remote.RemoteWebElement.clear(RemoteWebElement.java:129)
at org.openqa.selenium.support.pagefactory.internal.LocatingElementHandler.invoke(LocatingElementHandler.java:51)
at jdk.proxy2/jdk.proxy2.$Proxy13.clear(Unknown Source)
at utility.UtilityClass.SendKeywebElement(UtilityClass.java:46)
at pages.FormsPage.formMethod(FormsPage.java:80)
at test.TestCases.formTest(TestCases.java:99)
at java.base/java.util.ArrayList.forEach(ArrayList.java:1511)
... Removed 30 stack frames]]>
    </failure>
  </testcase> <!-- formTest -->
  <testcase classname="test.TestCases" name="ElementTest" time="16.902"/>
  <testcase classname="test.TestCases" name="AFWPageTestCases" time="7.398"/>
</testsuite> <!-- Testing on chrome -->
