<?xml version="1.0" encoding="UTF-8"?>
<!-- Generated by org.testng.reporters.JUnitXMLReporter -->
<testsuite ignored="0" hostname="DESKTOP-0DEGRKQ" failures="0" tests="5" name="Testing on firefox" time="0.044" errors="0" timestamp="2024-11-25T23:28:13 IST">
  <testcase classname="test.TestCases" name="@BeforeTest Browseropen" time="0.001">
    <failure type="java.lang.NullPointerException" message="Cannot invoke &amp;quot;org.openqa.selenium.WebDriver.get(String)&amp;quot; because &amp;quot;core.StepBase.driver&amp;quot; is null">
      <![CDATA[java.lang.NullPointerException: Cannot invoke "org.openqa.selenium.WebDriver.get(String)" because "core.StepBase.driver" is null
at core.StepBase.Browserloanch(StepBase.java:50)
at test.TestCases.Browseropen(TestCases.java:39)
... Removed 22 stack frames]]>
    </failure>
  </testcase> <!-- @BeforeTest Browseropen -->
  <testcase classname="test.TestCases" name="@AfterTest tearDown" time="-1.732557493905E9">
    <skipped/>
  </testcase> <!-- @AfterTest tearDown -->
  <testcase classname="test.TestCases" name="TestCase" time="0.0">
    <skipped/>
  </testcase> <!-- TestCase -->
  <testcase classname="test.TestCases" name="LoginTest" time="0.0">
    <skipped/>
  </testcase> <!-- LoginTest -->
  <testcase classname="test.TestCases" name="formTest" time="0.0">
    <skipped/>
  </testcase> <!-- formTest -->
  <testcase classname="test.TestCases" name="ElementTest" time="0.0">
    <skipped/>
  </testcase> <!-- ElementTest -->
  <testcase classname="test.TestCases" name="AFWPageTestCases" time="0.0">
    <skipped/>
  </testcase> <!-- AFWPageTestCases -->
</testsuite> <!-- Testing on firefox -->
