<?xml version="1.0" encoding="UTF-8"?>
<testng-results ignored="3" total="7" passed="4" failed="0" skipped="0">
  <reporter-output>
  </reporter-output>
  <suite started-at="2025-08-01T15:03:40 IST" name="Default suite" finished-at="2025-08-01T15:04:35 IST" duration-ms="54678">
    <groups>
    </groups>
    <test started-at="2025-08-01T15:03:40 IST" name="Default test" finished-at="2025-08-01T15:04:35 IST" duration-ms="54678">
      <class name="test.TestCases">
        <test-method is-config="true" signature="Browseropen()[pri:0, instance:test.TestCases@6cf0e0ba]" started-at="2025-08-01T15:03:40 IST" name="Browseropen" finished-at="2025-08-01T15:03:52 IST" duration-ms="12009" status="PASS">
          <reporter-output>
          </reporter-output>
        </test-method> <!-- Browseropen -->
        <test-method signature="TestCase()[pri:1, instance:test.TestCases@6cf0e0ba]" started-at="2025-08-01T15:03:52 IST" name="TestCase" finished-at="2025-08-01T15:03:56 IST" duration-ms="3372" status="PASS">
          <reporter-output>
          </reporter-output>
        </test-method> <!-- TestCase -->
        <test-method signature="LoginTest()[pri:2, instance:test.TestCases@6cf0e0ba]" started-at="2025-08-01T15:03:56 IST" name="LoginTest" finished-at="2025-08-01T15:03:57 IST" duration-ms="1330" status="PASS">
          <reporter-output>
          </reporter-output>
        </test-method> <!-- LoginTest -->
        <test-method signature="WidgetsTest()[pri:6, instance:test.TestCases@6cf0e0ba]" started-at="2025-08-01T15:03:57 IST" name="WidgetsTest" finished-at="2025-08-01T15:04:26 IST" duration-ms="28723" status="PASS">
          <reporter-output>
          </reporter-output>
        </test-method> <!-- WidgetsTest -->
        <test-method signature="InterctionTest()[pri:7, instance:test.TestCases@6cf0e0ba]" started-at="2025-08-01T15:04:26 IST" name="InterctionTest" finished-at="2025-08-01T15:04:34 IST" duration-ms="8205" status="PASS">
          <reporter-output>
          </reporter-output>
        </test-method> <!-- InterctionTest -->
        <test-method is-config="true" signature="tearDown()[pri:0, instance:test.TestCases@6cf0e0ba]" started-at="2025-08-01T15:04:34 IST" name="tearDown" finished-at="2025-08-01T15:04:35 IST" duration-ms="924" status="PASS">
          <reporter-output>
          </reporter-output>
        </test-method> <!-- tearDown -->
      </class> <!-- test.TestCases -->
    </test> <!-- Default test -->
  </suite> <!-- Default suite -->
</testng-results>
