<?xml version="1.0" encoding="UTF-8"?>
<!-- Generated by org.testng.reporters.JUnitReportReporter -->
<testsuite hostname="DESKTOP-0DEGRKQ" failures="0" tests="7" name="test.TestCases" time="41.630" errors="0" timestamp="2025-08-01T15:04:35 IST" skipped="3">
  <testcase classname="test.TestCases" name="TestCase" time="3.372"/>
  <system-out/>
  <testcase classname="test.TestCases" name="LoginTest" time="1.330"/>
  <system-out/>
  <testcase classname="test.TestCases" name="WidgetsTest" time="28.723"/>
  <system-out/>
  <testcase classname="test.TestCases" name="InterctionTest" time="8.205"/>
  <system-out/>
  <testcase classname="test.TestCases" name="formTest">
    <skipped/>
  </testcase> <!-- formTest -->
  <system-out/>
  <testcase classname="test.TestCases" name="AFWPageTestCases">
    <skipped/>
  </testcase> <!-- AFWPageTestCases -->
  <system-out/>
  <testcase classname="test.TestCases" name="ElementTest">
    <skipped/>
  </testcase> <!-- ElementTest -->
  <system-out/>
</testsuite> <!-- test.TestCases -->
